<?xml version="1.0" encoding="UTF-8"?>
<testsuite name="io.grin.lib.OpcodesTest" tests="7" skipped="0" failures="0" errors="0" timestamp="2026-01-10T22:15:12" hostname="ambermint" time="0.126">
  <properties/>
  <testcase name="nopOpcodeLeavesPixelUnchanged" classname="io.grin.lib.OpcodesTest" time="0.013"/>
  <testcase name="fadeOutCanZeroAlpha" classname="io.grin.lib.OpcodesTest" time="0.051"/>
  <testcase name="rotateHueOpcodeRotatesRedToCyan" classname="io.grin.lib.OpcodesTest" time="0.012"/>
  <testcase name="invertOpcodeFlipsRgb" classname="io.grin.lib.OpcodesTest" time="0.004"/>
  <testcase name="lockOpcodesToggleLockBit" classname="io.grin.lib.OpcodesTest" time="0.006"/>
  <testcase name="fadeInCanZeroAlpha" classname="io.grin.lib.OpcodesTest" time="0.011"/>
  <testcase name="shiftOpcodesClampChannels" classname="io.grin.lib.OpcodesTest" time="0.017"/>
  <system-out><![CDATA[]]></system-out>
  <system-err><![CDATA[]]></system-err>
</testsuite>
